0 info it worked if it ends with ok
1 verbose cli [ '/usr/local/bin/node', '/usr/local/bin/npm', 'start' ]
2 info using npm@6.9.0
3 info using node@v10.16.3
4 verbose config Skipping project config: /home/node/app/.npmrc. (matches userconfig)
5 verbose run-script [ 'prestart', 'start', 'poststart' ]
6 info lifecycle adonis-fullstack-app@4.1.0~prestart: adonis-fullstack-app@4.1.0
7 info lifecycle adonis-fullstack-app@4.1.0~start: adonis-fullstack-app@4.1.0
8 verbose lifecycle adonis-fullstack-app@4.1.0~start: unsafe-perm in lifecycle true
9 verbose lifecycle adonis-fullstack-app@4.1.0~start: PATH: /usr/local/lib/node_modules/npm/node_modules/npm-lifecycle/node-gyp-bin:/home/node/app/node_modules/.bin:/usr/local/sbin:/usr/local/bin:/usr/sbin:/usr/bin:/sbin:/bin
10 verbose lifecycle adonis-fullstack-app@4.1.0~start: CWD: /home/node/app
11 silly lifecycle adonis-fullstack-app@4.1.0~start: Args: [ '-c', 'node server.js' ]
12 silly lifecycle adonis-fullstack-app@4.1.0~start: Returned: code: 1  signal: null
13 info lifecycle adonis-fullstack-app@4.1.0~start: Failed to exec start script
14 verbose stack Error: adonis-fullstack-app@4.1.0 start: `node server.js`
14 verbose stack Exit status 1
14 verbose stack     at EventEmitter.<anonymous> (/usr/local/lib/node_modules/npm/node_modules/npm-lifecycle/index.js:301:16)
14 verbose stack     at EventEmitter.emit (events.js:198:13)
14 verbose stack     at ChildProcess.<anonymous> (/usr/local/lib/node_modules/npm/node_modules/npm-lifecycle/lib/spawn.js:55:14)
14 verbose stack     at ChildProcess.emit (events.js:198:13)
14 verbose stack     at maybeClose (internal/child_process.js:982:16)
14 verbose stack     at Process.ChildProcess._handle.onexit (internal/child_process.js:259:5)
15 verbose pkgid adonis-fullstack-app@4.1.0
16 verbose cwd /home/node/app
17 verbose Linux 5.3.0-59-generic
18 verbose argv "/usr/local/bin/node" "/usr/local/bin/npm" "start"
19 verbose node v10.16.3
20 verbose npm  v6.9.0
21 error code ELIFECYCLE
22 error errno 1
23 error adonis-fullstack-app@4.1.0 start: `node server.js`
23 error Exit status 1
24 error Failed at the adonis-fullstack-app@4.1.0 start script.
24 error This is probably not a problem with npm. There is likely additional logging output above.
25 verbose exit [ 1, true ]
